..\..\DEMO\Debug\APIDLL.ilk
..\..\DEMO\Debug\APIDLL.pdb
E:\工作\2.4G项目\MyDEMO\API二期\APIDLL\..\..\DEMO\Debug\APIDLL.dll
E:\工作\2.4G项目\MYDEMO\API二期\APIDLL\DEBUG\APIDLL.DLL.EMBED.MANIFEST
E:\工作\2.4G项目\MYDEMO\API二期\APIDLL\DEBUG\APIDLL.DLL.EMBED.MANIFEST.RES
E:\工作\2.4G项目\MYDEMO\API二期\APIDLL\DEBUG\APIDLL.DLL.INTERMEDIATE.MANIFEST
E:\工作\2.4G项目\MYDEMO\API二期\APIDLL\DEBUG\APIDLL.OBJ
E:\工作\2.4G项目\MyDEMO\API二期\APIDLL\Debug\APIDLL.write.1.tlog
E:\工作\2.4G项目\MyDEMO\API二期\APIDLL\Debug\APIDLL_manifest.rc
E:\工作\2.4G项目\MYDEMO\API二期\APIDLL\DEBUG\BURN_STACK.OBJ
E:\工作\2.4G项目\MyDEMO\API二期\APIDLL\Debug\cl.command.1.tlog
E:\工作\2.4G项目\MyDEMO\API二期\APIDLL\Debug\CL.read.1.tlog
E:\工作\2.4G项目\MyDEMO\API二期\APIDLL\Debug\CL.write.1.tlog
E:\工作\2.4G项目\MYDEMO\API二期\APIDLL\DEBUG\CRYPT_ARGCHK.OBJ
E:\工作\2.4G项目\MYDEMO\API二期\APIDLL\DEBUG\CRYPT_FIND_HASH.OBJ
E:\工作\2.4G项目\MYDEMO\API二期\APIDLL\DEBUG\CRYPT_HASH_DESCRIPTOR.OBJ
E:\工作\2.4G项目\MYDEMO\API二期\APIDLL\DEBUG\CRYPT_HASH_IS_VALID.OBJ
E:\工作\2.4G项目\MYDEMO\API二期\APIDLL\DEBUG\CRYPT_PRNG_IS_VALID.OBJ
E:\工作\2.4G项目\MYDEMO\API二期\APIDLL\DEBUG\CRYPT_REGISTER_HASH.OBJ
E:\工作\2.4G项目\MYDEMO\API二期\APIDLL\DEBUG\CRYPT_REGISTER_PRNG.OBJ
E:\工作\2.4G项目\MYDEMO\API二期\APIDLL\DEBUG\DER_DECODE_BIT_STRING.OBJ
E:\工作\2.4G项目\MYDEMO\API二期\APIDLL\DEBUG\DER_DECODE_CHOICE.OBJ
E:\工作\2.4G项目\MYDEMO\API二期\APIDLL\DEBUG\DER_DECODE_IA5_STRING.OBJ
E:\工作\2.4G项目\MYDEMO\API二期\APIDLL\DEBUG\DER_DECODE_INTEGER.OBJ
E:\工作\2.4G项目\MYDEMO\API二期\APIDLL\DEBUG\DER_DECODE_OBJECT_IDENTIFIER.OBJ
E:\工作\2.4G项目\MYDEMO\API二期\APIDLL\DEBUG\DER_DECODE_OCTET_STRING.OBJ
E:\工作\2.4G项目\MYDEMO\API二期\APIDLL\DEBUG\DER_DECODE_PRINTABLE_STRING.OBJ
E:\工作\2.4G项目\MYDEMO\API二期\APIDLL\DEBUG\DER_DECODE_SEQUENCE.OBJ
E:\工作\2.4G项目\MYDEMO\API二期\APIDLL\DEBUG\DER_DECODE_SEQUENCE_MULTI.OBJ
E:\工作\2.4G项目\MYDEMO\API二期\APIDLL\DEBUG\DER_DECODE_SHORT_INTEGER.OBJ
E:\工作\2.4G项目\MYDEMO\API二期\APIDLL\DEBUG\DER_DECODE_UTCTIME.OBJ
E:\工作\2.4G项目\MYDEMO\API二期\APIDLL\DEBUG\DER_ENCODE_BIT_STRING.OBJ
E:\工作\2.4G项目\MYDEMO\API二期\APIDLL\DEBUG\DER_ENCODE_IA5_STRING.OBJ
E:\工作\2.4G项目\MYDEMO\API二期\APIDLL\DEBUG\DER_ENCODE_INTEGER.OBJ
E:\工作\2.4G项目\MYDEMO\API二期\APIDLL\DEBUG\DER_ENCODE_OBJECT_IDENTIFIER.OBJ
E:\工作\2.4G项目\MYDEMO\API二期\APIDLL\DEBUG\DER_ENCODE_OCTET_STRING.OBJ
E:\工作\2.4G项目\MYDEMO\API二期\APIDLL\DEBUG\DER_ENCODE_PRINTABLE_STRING.OBJ
E:\工作\2.4G项目\MYDEMO\API二期\APIDLL\DEBUG\DER_ENCODE_SEQUENCE.OBJ
E:\工作\2.4G项目\MYDEMO\API二期\APIDLL\DEBUG\DER_ENCODE_SEQUENCE_MULTI.OBJ
E:\工作\2.4G项目\MYDEMO\API二期\APIDLL\DEBUG\DER_ENCODE_SHORT_INTEGER.OBJ
E:\工作\2.4G项目\MYDEMO\API二期\APIDLL\DEBUG\DER_ENCODE_UTCTIME.OBJ
E:\工作\2.4G项目\MYDEMO\API二期\APIDLL\DEBUG\DER_LENGTH_BIT_STRING.OBJ
E:\工作\2.4G项目\MYDEMO\API二期\APIDLL\DEBUG\DER_LENGTH_IA5_STRING.OBJ
E:\工作\2.4G项目\MYDEMO\API二期\APIDLL\DEBUG\DER_LENGTH_INTEGER.OBJ
E:\工作\2.4G项目\MYDEMO\API二期\APIDLL\DEBUG\DER_LENGTH_OBJECT_IDENTIFIER.OBJ
E:\工作\2.4G项目\MYDEMO\API二期\APIDLL\DEBUG\DER_LENGTH_OCTET_STRING.OBJ
E:\工作\2.4G项目\MYDEMO\API二期\APIDLL\DEBUG\DER_LENGTH_PRINTABLE_STRING.OBJ
E:\工作\2.4G项目\MYDEMO\API二期\APIDLL\DEBUG\DER_LENGTH_SEQUENCE.OBJ
E:\工作\2.4G项目\MYDEMO\API二期\APIDLL\DEBUG\DER_LENGTH_SHORT_INTEGER.OBJ
E:\工作\2.4G项目\MYDEMO\API二期\APIDLL\DEBUG\DER_LENGTH_UTCTIME.OBJ
E:\工作\2.4G项目\MYDEMO\API二期\APIDLL\DEBUG\ECC.OBJ
E:\工作\2.4G项目\MYDEMO\API二期\APIDLL\DEBUG\ERROR_TO_STRING.OBJ
E:\工作\2.4G项目\MYDEMO\API二期\APIDLL\DEBUG\HASH_MEMORY.OBJ
E:\工作\2.4G项目\MYDEMO\API二期\APIDLL\DEBUG\IS_PRIME.OBJ
E:\工作\2.4G项目\MyDEMO\API二期\APIDLL\Debug\link.7368.read.1.tlog
E:\工作\2.4G项目\MyDEMO\API二期\APIDLL\Debug\link.7368.write.1.tlog
E:\工作\2.4G项目\MyDEMO\API二期\APIDLL\Debug\link.7368-cvtres.read.1.tlog
E:\工作\2.4G项目\MyDEMO\API二期\APIDLL\Debug\link.7368-cvtres.write.1.tlog
E:\工作\2.4G项目\MyDEMO\API二期\APIDLL\Debug\link.command.1.tlog
E:\工作\2.4G项目\MyDEMO\API二期\APIDLL\Debug\link.read.1.tlog
E:\工作\2.4G项目\MyDEMO\API二期\APIDLL\Debug\link.write.1.tlog
E:\工作\2.4G项目\MyDEMO\API二期\APIDLL\Debug\link-cvtres.read.1.tlog
E:\工作\2.4G项目\MyDEMO\API二期\APIDLL\Debug\link-cvtres.write.1.tlog
E:\工作\2.4G项目\MYDEMO\API二期\APIDLL\DEBUG\MAKEKEY.OBJ
E:\工作\2.4G项目\MYDEMO\API二期\APIDLL\DEBUG\MD5.OBJ
E:\工作\2.4G项目\MYDEMO\API二期\APIDLL\DEBUG\MPI.OBJ
E:\工作\2.4G项目\MYDEMO\API二期\APIDLL\DEBUG\MPI_TO_LTC_ERROR.OBJ
E:\工作\2.4G项目\MyDEMO\API二期\APIDLL\Debug\mt.command.1.tlog
E:\工作\2.4G项目\MyDEMO\API二期\APIDLL\Debug\mt.read.1.tlog
E:\工作\2.4G项目\MyDEMO\API二期\APIDLL\Debug\mt.write.1.tlog
E:\工作\2.4G项目\MyDEMO\API二期\APIDLL\Debug\rc.command.1.tlog
E:\工作\2.4G项目\MyDEMO\API二期\APIDLL\Debug\rc.read.1.tlog
E:\工作\2.4G项目\MyDEMO\API二期\APIDLL\Debug\rc.write.1.tlog
E:\工作\2.4G项目\MYDEMO\API二期\APIDLL\DEBUG\RC4.OBJ
E:\工作\2.4G项目\MyDEMO\API二期\APIDLL\Debug\vc100.idb
E:\工作\2.4G项目\MYDEMO\API二期\APIDLL\DEBUG\VC100.PDB
E:\工作\2.4G项目\MYDEMO\API二期\APIDLL\DEBUG\ZEROMEM.OBJ
E:\工作\2.4G项目\MYDEMO\DEMO\DEBUG\APIDLL.DLL
E:\工作\2.4G项目\MyDEMO\DEMO\Debug\APIDLL.exp
E:\工作\2.4G项目\MYDEMO\DEMO\DEBUG\APIDLL.ILK
E:\工作\2.4G项目\MyDEMO\DEMO\Debug\APIDLL.lib
E:\工作\2.4G项目\MYDEMO\DEMO\DEBUG\APIDLL.PDB
