生成启动时间为 2014/4/21 17:24:15。
     1>项目“E:\工作\2.4G项目\MyDEMO\DEMO\Serial\Serial.vcxproj”在节点 2 上(build 个目标)。
     1>InitializeBuildStatus:
         正在创建“Debug\Serial.unsuccessfulbuild”，因为已指定“AlwaysCreate”。
       ClCompile:
         所有输出均为最新。
         所有输出均为最新。
         所有输出均为最新。
       ResourceCompile:
         所有输出均为最新。
       ManifestResourceCompile:
         所有输出均为最新。
       Link:
         D:\Program Files (x86)\Microsoft Visual Studio 10.0\VC\bin\link.exe /ERRORREPORT:PROMPT /OUT:"E:\工作\2.4G项目\MyDEMO\DEMO\Debug\Serial.exe" /INCREMENTAL /NOLOGO ..\..\DEMO\Debug\APIDLL.lib Nafxcwd.lib Libcmtd.lib /NODEFAULTLIB:Nafcwd.lib /NODEFAULTLIB:Libcmtd.lib /MANIFEST /ManifestFile:"Debug\Serial.exe.intermediate.manifest" /MANIFESTUAC:"level='asInvoker' uiAccess='false'" /DEBUG /PDB:"E:\工作\2.4G项目\MyDEMO\DEMO\Debug\Serial.pdb" /SUBSYSTEM:WINDOWS /TLBID:1 /DYNAMICBASE /NXCOMPAT /IMPLIB:"E:\工作\2.4G项目\MyDEMO\DEMO\Debug\Serial.lib" /MACHINE:X86 Debug\Serial.res
         Debug\Serial.exe.embed.manifest.res
         Debug\burn_stack.obj
         Debug\crypt_argchk.obj
         Debug\crypt_find_hash.obj
         Debug\crypt_hash_descriptor.obj
         Debug\crypt_hash_is_valid.obj
         Debug\crypt_prng_is_valid.obj
         Debug\crypt_register_hash.obj
         Debug\crypt_register_prng.obj
         Debug\der_decode_bit_string.obj
         Debug\der_decode_choice.obj
         Debug\der_decode_ia5_string.obj
         Debug\der_decode_integer.obj
         Debug\der_decode_object_identifier.obj
         Debug\der_decode_octet_string.obj
         Debug\der_decode_printable_string.obj
         Debug\der_decode_sequence.obj
         Debug\der_decode_sequence_multi.obj
         Debug\der_decode_short_integer.obj
         Debug\der_decode_utctime.obj
         Debug\der_encode_bit_string.obj
         Debug\der_encode_ia5_string.obj
         Debug\der_encode_integer.obj
         Debug\der_encode_object_identifier.obj
         Debug\der_encode_octet_string.obj
         Debug\der_encode_printable_string.obj
         Debug\der_encode_sequence.obj
         Debug\der_encode_sequence_multi.obj
         Debug\der_encode_short_integer.obj
         Debug\der_encode_utctime.obj
         Debug\der_length_bit_string.obj
         Debug\der_length_ia5_string.obj
         Debug\der_length_integer.obj
         Debug\der_length_object_identifier.obj
         Debug\der_length_octet_string.obj
         Debug\der_length_printable_string.obj
         Debug\der_length_sequence.obj
         Debug\der_length_short_integer.obj
         Debug\der_length_utctime.obj
         Debug\ecc.obj
         Debug\error_to_string.obj
         Debug\hash_memory.obj
         Debug\is_prime.obj
         Debug\md5.obj
         Debug\mpi.obj
         Debug\mpi_to_ltc_error.obj
         Debug\rc4.obj
         Debug\zeromem.obj
         Debug\makeECDH.obj
         Debug\makeKey.obj
         Debug\OnSize.obj
         Debug\Page1.obj
         Debug\Page2.obj
         Debug\Page3.obj
         Debug\PwdRFDlg.obj
         Debug\ReaderManageDlg.obj
         Debug\ReaderTestDlg.obj
         Debug\RegisterTagDlg.obj
         Debug\Serial.obj
         Debug\SerialDlg.obj
         Debug\SetSocketDlg.obj
         Debug\SleepTagDlg.obj
         Debug\stdafx.obj
         Debug\TestSingleCmd.obj
         Debug\XPButton.obj
       Manifest:
         C:\Program Files (x86)\Microsoft SDKs\Windows\v7.0A\bin\mt.exe /nologo /verbose /out:"Debug\Serial.exe.embed.manifest" /manifest Debug\Serial.exe.intermediate.manifest "D:\Program Files (x86)\Microsoft Visual Studio 10.0\VC\Include\Manifest\dpiaware.manifest"
         所有输出均为最新。
       LinkEmbedManifest:
         所有输出均为最新。
         Serial.vcxproj -> E:\工作\2.4G项目\MyDEMO\DEMO\Debug\Serial.exe
       FinalizeBuildStatus:
         正在删除文件“Debug\Serial.unsuccessfulbuild”。
         正在对“Debug\Serial.lastbuildstate”执行 Touch 任务。
     1>已完成生成项目“E:\工作\2.4G项目\MyDEMO\DEMO\Serial\Serial.vcxproj”(build 个目标)的操作。

生成成功。

已用时间 00:00:02.25
