E:\工作\2.4G项目\MYDEMO\DEMO\SERIAL\DEBUG\BURN_STACK.OBJ
E:\工作\2.4G项目\MyDEMO\DEMO\Serial\Debug\cl.command.1.tlog
E:\工作\2.4G项目\MyDEMO\DEMO\Serial\Debug\CL.read.1.tlog
E:\工作\2.4G项目\MyDEMO\DEMO\Serial\Debug\CL.write.1.tlog
E:\工作\2.4G项目\MYDEMO\DEMO\SERIAL\DEBUG\CRYPT_ARGCHK.OBJ
E:\工作\2.4G项目\MYDEMO\DEMO\SERIAL\DEBUG\CRYPT_FIND_HASH.OBJ
E:\工作\2.4G项目\MYDEMO\DEMO\SERIAL\DEBUG\CRYPT_HASH_DESCRIPTOR.OBJ
E:\工作\2.4G项目\MYDEMO\DEMO\SERIAL\DEBUG\CRYPT_HASH_IS_VALID.OBJ
E:\工作\2.4G项目\MYDEMO\DEMO\SERIAL\DEBUG\CRYPT_PRNG_IS_VALID.OBJ
E:\工作\2.4G项目\MYDEMO\DEMO\SERIAL\DEBUG\CRYPT_REGISTER_HASH.OBJ
E:\工作\2.4G项目\MYDEMO\DEMO\SERIAL\DEBUG\CRYPT_REGISTER_PRNG.OBJ
E:\工作\2.4G项目\MYDEMO\DEMO\SERIAL\DEBUG\DER_DECODE_BIT_STRING.OBJ
E:\工作\2.4G项目\MYDEMO\DEMO\SERIAL\DEBUG\DER_DECODE_CHOICE.OBJ
E:\工作\2.4G项目\MYDEMO\DEMO\SERIAL\DEBUG\DER_DECODE_IA5_STRING.OBJ
E:\工作\2.4G项目\MYDEMO\DEMO\SERIAL\DEBUG\DER_DECODE_INTEGER.OBJ
E:\工作\2.4G项目\MYDEMO\DEMO\SERIAL\DEBUG\DER_DECODE_OBJECT_IDENTIFIER.OBJ
E:\工作\2.4G项目\MYDEMO\DEMO\SERIAL\DEBUG\DER_DECODE_OCTET_STRING.OBJ
E:\工作\2.4G项目\MYDEMO\DEMO\SERIAL\DEBUG\DER_DECODE_PRINTABLE_STRING.OBJ
E:\工作\2.4G项目\MYDEMO\DEMO\SERIAL\DEBUG\DER_DECODE_SEQUENCE.OBJ
E:\工作\2.4G项目\MYDEMO\DEMO\SERIAL\DEBUG\DER_DECODE_SEQUENCE_MULTI.OBJ
E:\工作\2.4G项目\MYDEMO\DEMO\SERIAL\DEBUG\DER_DECODE_SHORT_INTEGER.OBJ
E:\工作\2.4G项目\MYDEMO\DEMO\SERIAL\DEBUG\DER_DECODE_UTCTIME.OBJ
E:\工作\2.4G项目\MYDEMO\DEMO\SERIAL\DEBUG\DER_ENCODE_BIT_STRING.OBJ
E:\工作\2.4G项目\MYDEMO\DEMO\SERIAL\DEBUG\DER_ENCODE_IA5_STRING.OBJ
E:\工作\2.4G项目\MYDEMO\DEMO\SERIAL\DEBUG\DER_ENCODE_INTEGER.OBJ
E:\工作\2.4G项目\MYDEMO\DEMO\SERIAL\DEBUG\DER_ENCODE_OBJECT_IDENTIFIER.OBJ
E:\工作\2.4G项目\MYDEMO\DEMO\SERIAL\DEBUG\DER_ENCODE_OCTET_STRING.OBJ
E:\工作\2.4G项目\MYDEMO\DEMO\SERIAL\DEBUG\DER_ENCODE_PRINTABLE_STRING.OBJ
E:\工作\2.4G项目\MYDEMO\DEMO\SERIAL\DEBUG\DER_ENCODE_SEQUENCE.OBJ
E:\工作\2.4G项目\MYDEMO\DEMO\SERIAL\DEBUG\DER_ENCODE_SEQUENCE_MULTI.OBJ
E:\工作\2.4G项目\MYDEMO\DEMO\SERIAL\DEBUG\DER_ENCODE_SHORT_INTEGER.OBJ
E:\工作\2.4G项目\MYDEMO\DEMO\SERIAL\DEBUG\DER_ENCODE_UTCTIME.OBJ
E:\工作\2.4G项目\MYDEMO\DEMO\SERIAL\DEBUG\DER_LENGTH_BIT_STRING.OBJ
E:\工作\2.4G项目\MYDEMO\DEMO\SERIAL\DEBUG\DER_LENGTH_IA5_STRING.OBJ
E:\工作\2.4G项目\MYDEMO\DEMO\SERIAL\DEBUG\DER_LENGTH_INTEGER.OBJ
E:\工作\2.4G项目\MYDEMO\DEMO\SERIAL\DEBUG\DER_LENGTH_OBJECT_IDENTIFIER.OBJ
E:\工作\2.4G项目\MYDEMO\DEMO\SERIAL\DEBUG\DER_LENGTH_OCTET_STRING.OBJ
E:\工作\2.4G项目\MYDEMO\DEMO\SERIAL\DEBUG\DER_LENGTH_PRINTABLE_STRING.OBJ
E:\工作\2.4G项目\MYDEMO\DEMO\SERIAL\DEBUG\DER_LENGTH_SEQUENCE.OBJ
E:\工作\2.4G项目\MYDEMO\DEMO\SERIAL\DEBUG\DER_LENGTH_SHORT_INTEGER.OBJ
E:\工作\2.4G项目\MYDEMO\DEMO\SERIAL\DEBUG\DER_LENGTH_UTCTIME.OBJ
E:\工作\2.4G项目\MYDEMO\DEMO\SERIAL\DEBUG\ECC.OBJ
E:\工作\2.4G项目\MYDEMO\DEMO\SERIAL\DEBUG\ERROR_TO_STRING.OBJ
E:\工作\2.4G项目\MYDEMO\DEMO\SERIAL\DEBUG\HASH_MEMORY.OBJ
E:\工作\2.4G项目\MYDEMO\DEMO\SERIAL\DEBUG\IS_PRIME.OBJ
E:\工作\2.4G项目\MYDEMO\DEMO\SERIAL\DEBUG\MAKEECDH.OBJ
E:\工作\2.4G项目\MYDEMO\DEMO\SERIAL\DEBUG\MAKEKEY.OBJ
E:\工作\2.4G项目\MYDEMO\DEMO\SERIAL\DEBUG\MD5.OBJ
E:\工作\2.4G项目\MYDEMO\DEMO\SERIAL\DEBUG\MPI.OBJ
E:\工作\2.4G项目\MYDEMO\DEMO\SERIAL\DEBUG\MPI_TO_LTC_ERROR.OBJ
E:\工作\2.4G项目\MYDEMO\DEMO\SERIAL\DEBUG\ONSIZE.OBJ
E:\工作\2.4G项目\MYDEMO\DEMO\SERIAL\DEBUG\PAGE1.OBJ
E:\工作\2.4G项目\MYDEMO\DEMO\SERIAL\DEBUG\PAGE2.OBJ
E:\工作\2.4G项目\MYDEMO\DEMO\SERIAL\DEBUG\PAGE3.OBJ
E:\工作\2.4G项目\MYDEMO\DEMO\SERIAL\DEBUG\PWDRFDLG.OBJ
E:\工作\2.4G项目\MYDEMO\DEMO\SERIAL\DEBUG\RC4.OBJ
E:\工作\2.4G项目\MYDEMO\DEMO\SERIAL\DEBUG\READERMANAGEDLG.OBJ
E:\工作\2.4G项目\MYDEMO\DEMO\SERIAL\DEBUG\READERTESTDLG.OBJ
E:\工作\2.4G项目\MYDEMO\DEMO\SERIAL\DEBUG\REGISTERTAGDLG.OBJ
E:\工作\2.4G项目\MYDEMO\DEMO\SERIAL\DEBUG\SERIAL.OBJ
E:\工作\2.4G项目\MYDEMO\DEMO\SERIAL\DEBUG\SERIAL.PCH
E:\工作\2.4G项目\MYDEMO\DEMO\SERIAL\DEBUG\SETSOCKETDLG.OBJ
E:\工作\2.4G项目\MYDEMO\DEMO\SERIAL\DEBUG\SLEEPTAGDLG.OBJ
E:\工作\2.4G项目\MYDEMO\DEMO\SERIAL\DEBUG\STDAFX.OBJ
E:\工作\2.4G项目\MYDEMO\DEMO\SERIAL\DEBUG\TESTSINGLECMD.OBJ
E:\工作\2.4G项目\MyDEMO\DEMO\Serial\Debug\vc100.idb
E:\工作\2.4G项目\MYDEMO\DEMO\SERIAL\DEBUG\VC100.PDB
E:\工作\2.4G项目\MYDEMO\DEMO\SERIAL\DEBUG\XPBUTTON.OBJ
E:\工作\2.4G项目\MYDEMO\DEMO\SERIAL\DEBUG\ZEROMEM.OBJ
